<?xml version="1.0" encoding="UTF-8"?>
<!-- Generated by org.testng.reporters.JUnitReportReporter -->
<testsuite hostname="LAPTOP-BGR8ADVH" failures="0" tests="1" name="Java_Learnings_Codes.ClickTest" time="5.414" errors="0" timestamp="2021-10-22T23:27:36 IST" skipped="0">
  <testcase classname="Java_Learnings_Codes.ClickTest" name="Click" time="5.414"/>
  <system-out/>
</testsuite> <!-- Java_Learnings_Codes.ClickTest -->
