<?xml version="1.0" encoding="UTF-8"?>
<!-- Generated by org.testng.reporters.JUnitReportReporter -->
<testsuite hostname="LAPTOP-BGR8ADVH" failures="0" tests="1" name="Java_Learnings_Codes.ActionsClassTest" time="9.148" errors="0" timestamp="2021-10-22T23:09:26 IST" skipped="0">
  <testcase classname="Java_Learnings_Codes.ActionsClassTest" name="Function" time="9.148"/>
  <system-out/>
</testsuite> <!-- Java_Learnings_Codes.ActionsClassTest -->
