<?xml version="1.0" encoding="UTF-8"?>
<!-- Generated by org.testng.reporters.JUnitReportReporter -->
<testsuite hostname="LAPTOP-BGR8ADVH" failures="0" tests="1" name="Java_Learnings_Codes.AppTest" time="0.005" errors="0" timestamp="2021-10-22T13:17:51 IST" skipped="0">
  <testcase classname="Java_Learnings_Codes.AppTest" name="shouldAnswerWithTrue" time="0.005"/>
  <system-out/>
</testsuite> <!-- Java_Learnings_Codes.AppTest -->
